<?xml version="1.0" encoding="UTF-8"?>
<!-- Generated by org.testng.reporters.JUnitReportReporter -->
<testsuite hostname="LAPTOP-9QSEN6ME" failures="0" tests="1" name="com.practiceSelenium.TC03_LoginWithHM" time="8.893" errors="0" timestamp="2022-12-31T16:28:44 IST" skipped="0">
  <testcase classname="com.practiceSelenium.TC03_LoginWithHM" name="LoginWithHM" time="8.893"/>
  <system-out/>
</testsuite> <!-- com.practiceSelenium.TC03_LoginWithHM -->
