<?xml version="1.0" encoding="UTF-8"?>
<!-- Generated by org.testng.reporters.JUnitReportReporter -->
<testsuite hostname="LAPTOP-9QSEN6ME" failures="0" tests="1" name="com.xpathPractice.Xpath" time="8.106" errors="0" timestamp="2022-12-29T22:40:11 IST" skipped="0">
  <testcase classname="com.xpathPractice.Xpath" name="verifyTable" time="8.106"/>
  <system-out/>
</testsuite> <!-- com.xpathPractice.Xpath -->
