<?xml version="1.0" encoding="UTF-8"?>
<!-- Generated by org.testng.reporters.JUnitReportReporter -->
<testsuite hostname="LAPTOP-9QSEN6ME" failures="0" tests="1" name="com.mobile.TC_Login" time="13.915" errors="0" timestamp="2022-12-31T14:51:03 IST" skipped="0">
  <testcase classname="com.mobile.TC_Login" name="Login_test" time="13.915"/>
  <system-out/>
</testsuite> <!-- com.mobile.TC_Login -->
