<?xml version="1.0" encoding="UTF-8"?>
<!-- Generated by org.testng.reporters.JUnitReportReporter -->
<testsuite hostname="LAPTOP-9QSEN6ME" failures="0" tests="1" name="com.xpathPractice.VerifyTable" time="8.793" errors="0" timestamp="2022-12-30T14:07:30 IST" skipped="0">
  <testcase classname="com.xpathPractice.VerifyTable" name="verifyTable" time="8.793"/>
  <system-out/>
</testsuite> <!-- com.xpathPractice.VerifyTable -->
