<?xml version="1.0" encoding="UTF-8"?>
<!-- Generated by org.testng.reporters.JUnitReportReporter -->
<testsuite hostname="LAPTOP-9QSEN6ME" failures="0" tests="2" name="com.mobile.AppTest" time="0.015" errors="0" timestamp="2022-12-31T14:51:03 IST" skipped="0">
  <testcase classname="com.mobile.AppTest" name="testlogin2" time="0.001"/>
  <system-out/>
  <testcase classname="com.mobile.AppTest" name="testlogin1" time="0.014"/>
  <system-out/>
</testsuite> <!-- com.mobile.AppTest -->
