<?xml version="1.0" encoding="UTF-8"?>
<!-- Generated by org.testng.reporters.JUnitReportReporter -->
<testsuite hostname="LAPTOP-9QSEN6ME" failures="0" tests="1" name="com.practiceSelenium.TC03_LoginWithHM" time="7.461" errors="0" timestamp="2023-01-08T21:39:17 IST" skipped="0">
  <testcase classname="com.practiceSelenium.TC03_LoginWithHM" name="LoginWithHM" time="7.461"/>
  <system-out/>
</testsuite> <!-- com.practiceSelenium.TC03_LoginWithHM -->
