<?xml version="1.0" encoding="UTF-8"?>
<!-- Generated by org.testng.reporters.JUnitReportReporter -->
<testsuite hostname="LAPTOP-9QSEN6ME" failures="0" tests="1" name="com.practiceSelenium.TC02_VerifyTable" time="7.915" errors="0" timestamp="2022-12-31T16:32:12 IST" skipped="0">
  <testcase classname="com.practiceSelenium.TC02_VerifyTable" name="verifyTable" time="7.915"/>
  <system-out/>
</testsuite> <!-- com.practiceSelenium.TC02_VerifyTable -->
